{
  "stats": {
    "suites": 2,
    "tests": 5,
    "passes": 3,
    "pending": 0,
    "failures": 2,
    "start": "2022-11-27T13:24:48.637Z",
    "end": "2022-11-27T13:24:54.633Z",
    "duration": 5996,
    "testsRegistered": 5,
    "passPercent": 60,
    "pendingPercent": 0,
    "other": 0,
    "hasOther": false,
    "skipped": 0,
    "hasSkipped": false
  },
  "results": [
    {
      "uuid": "94cc98a8-b04e-4974-bf12-c95dbe987fa5",
      "title": "",
      "fullFile": "",
      "file": "",
      "beforeHooks": [],
      "afterHooks": [],
      "tests": [],
      "suites": [
        {
          "uuid": "10a26704-7ec0-49d4-b25a-6aa99111b760",
          "title": "dashboard test",
          "fullFile": "D:\\Autotest\\test\\02 dashboard.js",
          "file": "\\test\\02 dashboard.js",
          "beforeHooks": [],
          "afterHooks": [],
          "tests": [
            {
              "title": "positive verifikasi UI",
              "fullTitle": "dashboard test positive verifikasi UI",
              "timedOut": null,
              "duration": 5204,
              "state": "failed",
              "speed": null,
              "pass": false,
              "fail": true,
              "pending": false,
              "context": null,
              "code": "await driver.findElement(By.xpath('//*[@id=\"__next\"]/aside/a/span'))\n\t\t.getText('Digital Community Bank') \nawait driver.findElement(By.xpath('//*[@id=\"__next\"]/div[1]/div[1]/div/div/div[1]'))\n.getText('Dashboard') \nawait driver.findElement(By.xpath('//*[@id=\"__next\"]/aside/div/nav/ul/li[1]/a'))\n.getAttribute()\nawait driver.findElement(By.xpath('//*[@id=\"__next\"]/div[1]/div[1]/div/div/div[2]/ol/li/a'))\n.click()",
              "err": {
                "message": "NoSuchElementError: no such element: Unable to locate element: {\"method\":\"xpath\",\"selector\":\"//*[@id=\"__next\"]/aside/a/span\"}\n  (Session info: chrome=107.0.5304.108)",
                "estack": "NoSuchElementError: no such element: Unable to locate element: {\"method\":\"xpath\",\"selector\":\"//*[@id=\"__next\"]/aside/a/span\"}\n  (Session info: chrome=107.0.5304.108)\n    at Object.throwDecodedError (node_modules\\selenium-webdriver\\lib\\error.js:524:15)\n    at parseHttpResponse (node_modules\\selenium-webdriver\\lib\\http.js:587:13)\n    at Executor.execute (node_modules\\selenium-webdriver\\lib\\http.js:515:28)\n    at process.processTicksAndRejections (node:internal/process/task_queues:95:5)\n    at async thenableWebDriverProxy.execute (node_modules\\selenium-webdriver\\lib\\webdriver.js:741:17)\n    at async toWireValue (node_modules\\selenium-webdriver\\lib\\webdriver.js:143:15)\n    at async D:\\Autotest\\node_modules\\selenium-webdriver\\lib\\webdriver.js:193:16\n    at async forEachKey (node_modules\\selenium-webdriver\\lib\\webdriver.js:187:9)\n    at async convertKeys (node_modules\\selenium-webdriver\\lib\\webdriver.js:192:3)\n    at async thenableWebDriverProxy.execute (node_modules\\selenium-webdriver\\lib\\webdriver.js:739:22)",
                "diff": null
              },
              "uuid": "d1c09f48-0ade-4527-aa6f-ecf682b20c93",
              "parentUUID": null,
              "isHook": false,
              "skipped": false
            },
            {
              "title": "positive verifikasi halaman users",
              "fullTitle": "dashboard test positive verifikasi halaman users",
              "timedOut": null,
              "duration": 14,
              "state": "failed",
              "speed": null,
              "pass": false,
              "fail": true,
              "pending": false,
              "context": null,
              "code": "await driver.findElement(By.xpath('//*[@id=\"__next\"]/aside/div/nav/ul/li[2]/a'))\n\t\t.getText('Users') \nawait driver.findElement(By.xpath('//*[@id=\"__next\"]/aside/div/nav/ul/li[2]/a'))\n.click() \nawait driver.findElement(By.xpath('//*[@id=\"__next\"]/div[1]/div[2]/div/div[1]/button'))\n.click()",
              "err": {
                "message": "NoSuchElementError: no such element: Unable to locate element: {\"method\":\"xpath\",\"selector\":\"//*[@id=\"__next\"]/aside/div/nav/ul/li[2]/a\"}\n  (Session info: chrome=107.0.5304.108)",
                "estack": "NoSuchElementError: no such element: Unable to locate element: {\"method\":\"xpath\",\"selector\":\"//*[@id=\"__next\"]/aside/div/nav/ul/li[2]/a\"}\n  (Session info: chrome=107.0.5304.108)\n    at Object.throwDecodedError (node_modules\\selenium-webdriver\\lib\\error.js:524:15)\n    at parseHttpResponse (node_modules\\selenium-webdriver\\lib\\http.js:587:13)\n    at Executor.execute (node_modules\\selenium-webdriver\\lib\\http.js:515:28)\n    at process.processTicksAndRejections (node:internal/process/task_queues:95:5)\n    at async thenableWebDriverProxy.execute (node_modules\\selenium-webdriver\\lib\\webdriver.js:741:17)\n    at async toWireValue (node_modules\\selenium-webdriver\\lib\\webdriver.js:143:15)\n    at async D:\\Autotest\\node_modules\\selenium-webdriver\\lib\\webdriver.js:193:16\n    at async forEachKey (node_modules\\selenium-webdriver\\lib\\webdriver.js:187:9)\n    at async convertKeys (node_modules\\selenium-webdriver\\lib\\webdriver.js:192:3)\n    at async thenableWebDriverProxy.execute (node_modules\\selenium-webdriver\\lib\\webdriver.js:739:22)",
                "diff": null
              },
              "uuid": "662927e2-d24e-4a66-9414-c5a239c6a2b2",
              "parentUUID": null,
              "isHook": false,
              "skipped": false
            }
          ],
          "suites": [],
          "passes": [],
          "failures": [
            "d1c09f48-0ade-4527-aa6f-ecf682b20c93",
            "662927e2-d24e-4a66-9414-c5a239c6a2b2"
          ],
          "pending": [],
          "skipped": [],
          "duration": 5218,
          "root": false,
          "rootEmpty": false,
          "_timeout": null
        },
        {
          "uuid": "09733a71-b277-4ad0-b589-0d13e90b33a4",
          "title": "login test",
          "fullFile": "D:\\Autotest\\test\\01 login.js",
          "file": "\\test\\01 login.js",
          "beforeHooks": [],
          "afterHooks": [],
          "tests": [
            {
              "title": "positive verifikasi username",
              "fullTitle": "login test positive verifikasi username",
              "timedOut": null,
              "duration": 5321,
              "state": "passed",
              "speed": "slow",
              "pass": true,
              "fail": false,
              "pending": false,
              "context": null,
              "code": "await driver.findElement(By.xpath('//*[@id=\"__next\"]/div[1]/div/div[2]/div/form/div[1]/div[2]/div/input'))\n\t\t\t.isEnabled()\nawait driver.findElement(By.xpath('//*[@id=\"__next\"]/div[1]/div/div[2]/div/form/div[1]/div[2]/div/input'))\n.sendKeys(\"citra\")",
              "err": {},
              "uuid": "fa60b0e8-a195-480c-b14c-1f2206e861b8",
              "parentUUID": null,
              "isHook": false,
              "skipped": false
            },
            {
              "title": "positive verifikasi password",
              "fullTitle": "login test positive verifikasi password",
              "timedOut": null,
              "duration": 83,
              "state": "passed",
              "speed": "slow",
              "pass": true,
              "fail": false,
              "pending": false,
              "context": null,
              "code": "await driver.findElement(By.xpath('//*[@id=\"__next\"]/div[1]/div/div[2]/div/form/div[2]/div[2]/div/input'))\n\t\t.isEnabled()\nawait driver.findElement(By.xpath('//*[@id=\"__next\"]/div[1]/div/div[2]/div/form/div[2]/div[2]/div/input'))\n.sendKeys(\"Klikcair@123\")",
              "err": {},
              "uuid": "9837f21e-46ec-41db-b824-65c9f609e2d8",
              "parentUUID": null,
              "isHook": false,
              "skipped": false
            },
            {
              "title": "positive click tombol login",
              "fullTitle": "login test positive click tombol login",
              "timedOut": null,
              "duration": 40,
              "state": "passed",
              "speed": "medium",
              "pass": true,
              "fail": false,
              "pending": false,
              "context": null,
              "code": "await driver.findElement(By.xpath('//*[@id=\"__next\"]/div[1]/div/div[2]/div/form/div[3]/button'))\n.click()",
              "err": {},
              "uuid": "a9c52a68-8d7a-4692-82dd-812426fbade2",
              "parentUUID": null,
              "isHook": false,
              "skipped": false
            }
          ],
          "suites": [],
          "passes": [
            "fa60b0e8-a195-480c-b14c-1f2206e861b8",
            "9837f21e-46ec-41db-b824-65c9f609e2d8",
            "a9c52a68-8d7a-4692-82dd-812426fbade2"
          ],
          "failures": [],
          "pending": [],
          "skipped": [],
          "duration": 5444,
          "root": false,
          "rootEmpty": false,
          "_timeout": null
        }
      ],
      "passes": [],
      "failures": [],
      "pending": [],
      "skipped": [],
      "duration": 0,
      "root": true,
      "rootEmpty": true,
      "_timeout": 0
    }
  ],
  "meta": {
    "mocha": {
      "version": "10.1.0"
    },
    "mochawesome": {
      "options": {
        "quiet": false,
        "reportFilename": "mochawesome",
        "saveHtml": true,
        "saveJson": true,
        "consoleReporter": "spec",
        "useInlineDiffs": false,
        "code": true
      },
      "version": "7.1.3"
    },
    "marge": {
      "options": null,
      "version": "6.2.0"
    }
  }
}